Connecting to database specified by database.yml
  [1m[36m (0.2ms)[0m  [1mselect sqlite_version(*)[0m
  [1m[35m (86.9ms)[0m  CREATE TABLE "schema_migrations" ("version" varchar(255) NOT NULL) 
  [1m[36m (54.1ms)[0m  [1mCREATE UNIQUE INDEX "unique_schema_migrations" ON "schema_migrations" ("version")[0m
  [1m[35m (0.3ms)[0m  SELECT "schema_migrations"."version" FROM "schema_migrations" 
Migrating to CreateMovies (20111119180638)
  [1m[36m (0.1ms)[0m  [1mbegin transaction[0m
  [1m[35m (0.7ms)[0m  CREATE TABLE "movies" ("id" INTEGER PRIMARY KEY AUTOINCREMENT NOT NULL, "title" varchar(255), "rating" varchar(255), "description" text, "release_date" datetime, "created_at" datetime NOT NULL, "updated_at" datetime NOT NULL) 
  [1m[36m (0.3ms)[0m  [1mINSERT INTO "schema_migrations" ("version") VALUES ('20111119180638')[0m
  [1m[35m (92.9ms)[0m  commit transaction
  [1m[36m (0.2ms)[0m  [1mSELECT "schema_migrations"."version" FROM "schema_migrations" [0m
Connecting to database specified by database.yml
  [1m[36m (0.2ms)[0m  [1mSELECT "schema_migrations"."version" FROM "schema_migrations" [0m
  [1m[35m (0.1ms)[0m  begin transaction
  [1m[36mSQL (29.3ms)[0m  [1mINSERT INTO "movies" ("created_at", "description", "rating", "release_date", "title", "updated_at") VALUES (?, ?, ?, ?, ?, ?)[0m  [["created_at", Thu, 17 Oct 2013 12:51:50 UTC +00:00], ["description", nil], ["rating", "G"], ["release_date", Wed, 25 Nov 1992 00:00:00 UTC +00:00], ["title", "Aladdin"], ["updated_at", Thu, 17 Oct 2013 12:51:50 UTC +00:00]]
  [1m[35m (64.8ms)[0m  commit transaction
  [1m[36m (0.3ms)[0m  [1mbegin transaction[0m
  [1m[35mSQL (0.7ms)[0m  INSERT INTO "movies" ("created_at", "description", "rating", "release_date", "title", "updated_at") VALUES (?, ?, ?, ?, ?, ?)  [["created_at", Thu, 17 Oct 2013 12:51:50 UTC +00:00], ["description", nil], ["rating", "R"], ["release_date", Fri, 26 Oct 1984 00:00:00 UTC +00:00], ["title", "The Terminator"], ["updated_at", Thu, 17 Oct 2013 12:51:50 UTC +00:00]]
  [1m[36m (49.3ms)[0m  [1mcommit transaction[0m
  [1m[35m (0.1ms)[0m  begin transaction
  [1m[36mSQL (0.7ms)[0m  [1mINSERT INTO "movies" ("created_at", "description", "rating", "release_date", "title", "updated_at") VALUES (?, ?, ?, ?, ?, ?)[0m  [["created_at", Thu, 17 Oct 2013 12:51:50 UTC +00:00], ["description", nil], ["rating", "R"], ["release_date", Fri, 21 Jul 1989 00:00:00 UTC +00:00], ["title", "When Harry Met Sally"], ["updated_at", Thu, 17 Oct 2013 12:51:50 UTC +00:00]]
  [1m[35m (75.0ms)[0m  commit transaction
  [1m[36m (0.1ms)[0m  [1mbegin transaction[0m
  [1m[35mSQL (0.7ms)[0m  INSERT INTO "movies" ("created_at", "description", "rating", "release_date", "title", "updated_at") VALUES (?, ?, ?, ?, ?, ?)  [["created_at", Thu, 17 Oct 2013 12:51:50 UTC +00:00], ["description", nil], ["rating", "PG-13"], ["release_date", Wed, 10 Aug 2011 00:00:00 UTC +00:00], ["title", "The Help"], ["updated_at", Thu, 17 Oct 2013 12:51:50 UTC +00:00]]
  [1m[36m (42.2ms)[0m  [1mcommit transaction[0m
  [1m[35m (0.1ms)[0m  begin transaction
  [1m[36mSQL (0.9ms)[0m  [1mINSERT INTO "movies" ("created_at", "description", "rating", "release_date", "title", "updated_at") VALUES (?, ?, ?, ?, ?, ?)[0m  [["created_at", Thu, 17 Oct 2013 12:51:50 UTC +00:00], ["description", nil], ["rating", "PG-13"], ["release_date", Fri, 05 Jan 2001 00:00:00 UTC +00:00], ["title", "Chocolat"], ["updated_at", Thu, 17 Oct 2013 12:51:50 UTC +00:00]]
  [1m[35m (56.5ms)[0m  commit transaction
  [1m[36m (0.1ms)[0m  [1mbegin transaction[0m
  [1m[35mSQL (0.6ms)[0m  INSERT INTO "movies" ("created_at", "description", "rating", "release_date", "title", "updated_at") VALUES (?, ?, ?, ?, ?, ?)  [["created_at", Thu, 17 Oct 2013 12:51:50 UTC +00:00], ["description", nil], ["rating", "R"], ["release_date", Wed, 25 Apr 2001 00:00:00 UTC +00:00], ["title", "Amelie"], ["updated_at", Thu, 17 Oct 2013 12:51:50 UTC +00:00]]
  [1m[36m (48.4ms)[0m  [1mcommit transaction[0m
  [1m[35m (0.1ms)[0m  begin transaction
  [1m[36mSQL (0.7ms)[0m  [1mINSERT INTO "movies" ("created_at", "description", "rating", "release_date", "title", "updated_at") VALUES (?, ?, ?, ?, ?, ?)[0m  [["created_at", Thu, 17 Oct 2013 12:51:50 UTC +00:00], ["description", nil], ["rating", "G"], ["release_date", Sat, 06 Apr 1968 00:00:00 UTC +00:00], ["title", "2001: A Space Odyssey"], ["updated_at", Thu, 17 Oct 2013 12:51:50 UTC +00:00]]
  [1m[35m (58.8ms)[0m  commit transaction
  [1m[36m (0.1ms)[0m  [1mbegin transaction[0m
  [1m[35mSQL (0.7ms)[0m  INSERT INTO "movies" ("created_at", "description", "rating", "release_date", "title", "updated_at") VALUES (?, ?, ?, ?, ?, ?)  [["created_at", Thu, 17 Oct 2013 12:51:50 UTC +00:00], ["description", nil], ["rating", "PG"], ["release_date", Fri, 05 Nov 2004 00:00:00 UTC +00:00], ["title", "The Incredibles"], ["updated_at", Thu, 17 Oct 2013 12:51:50 UTC +00:00]]
  [1m[36m (42.4ms)[0m  [1mcommit transaction[0m
  [1m[35m (0.1ms)[0m  begin transaction
  [1m[36mSQL (0.7ms)[0m  [1mINSERT INTO "movies" ("created_at", "description", "rating", "release_date", "title", "updated_at") VALUES (?, ?, ?, ?, ?, ?)[0m  [["created_at", Thu, 17 Oct 2013 12:51:50 UTC +00:00], ["description", nil], ["rating", "PG"], ["release_date", Fri, 12 Jun 1981 00:00:00 UTC +00:00], ["title", "Raiders of the Lost Ark"], ["updated_at", Thu, 17 Oct 2013 12:51:50 UTC +00:00]]
  [1m[35m (50.4ms)[0m  commit transaction
  [1m[36m (0.1ms)[0m  [1mbegin transaction[0m
  [1m[35mSQL (1.0ms)[0m  INSERT INTO "movies" ("created_at", "description", "rating", "release_date", "title", "updated_at") VALUES (?, ?, ?, ?, ?, ?)  [["created_at", Thu, 17 Oct 2013 12:51:50 UTC +00:00], ["description", nil], ["rating", "G"], ["release_date", Wed, 21 Jun 2000 00:00:00 UTC +00:00], ["title", "Chicken Run"], ["updated_at", Thu, 17 Oct 2013 12:51:50 UTC +00:00]]
  [1m[36m (59.1ms)[0m  [1mcommit transaction[0m


Started GET "/movies" for 127.0.0.1 at 2013-10-17 06:18:26 -0700
Connecting to database specified by database.yml
Processing by MoviesController#index as HTML
  [1m[36mMovie Load (0.6ms)[0m  [1mSELECT "movies".* FROM "movies" [0m
  Rendered movies/index.html.haml within layouts/application (39.2ms)
Completed 500 Internal Server Error in 250ms

ActionView::Template::Error (The line was indented 2 levels deeper than the previous line.):
    12:       %th{:id => 'release_date_header' , :class => (@hilite_col if params[:sort_key] == "release_date")}
    13:       = link_to "Release Date", movies_path(:sort_key=>"release_date")
    14:     %th{:class => (@hilite_col if params[:sort_key] == "release_date")}
    15:         = link_to "Release Date", movies_path(:sort_key=>"release_date") ,:id => 'release_date_header'
    16:       %th More Info
    17:   %tbody
    18:     - @movies.each do |movie|
  app/views/movies/index.html.haml:15


  Rendered /usr/local/lib/ruby/gems/1.9.1/gems/actionpack-3.2.14/lib/action_dispatch/middleware/templates/rescues/_trace.erb (5.0ms)
  Rendered /usr/local/lib/ruby/gems/1.9.1/gems/actionpack-3.2.14/lib/action_dispatch/middleware/templates/rescues/_request_and_response.erb (1.6ms)
  Rendered /usr/local/lib/ruby/gems/1.9.1/gems/actionpack-3.2.14/lib/action_dispatch/middleware/templates/rescues/template_error.erb within rescues/layout (40.6ms)


Started GET "/movies" for 127.0.0.1 at 2013-10-17 06:24:10 -0700
Connecting to database specified by database.yml
Processing by MoviesController#index as HTML
  [1m[36mMovie Load (0.3ms)[0m  [1mSELECT "movies".* FROM "movies" [0m
  Rendered movies/index.html.haml within layouts/application (76.8ms)
Completed 500 Internal Server Error in 301ms

ActionView::Template::Error (Inconsistent indentation: 1 tab used for indentation, but the rest of the document was indented using 2 spaces.):
    5:   %thead
    6:     %tr
    7:       %th{:id => 'title_header' , :class => (@hilite_col if params[:sort_key] == "title")}
    8: 	= link_to "Movie Title", movies_path(:sort_key=>"title")
    9:       %th{:class => (@hilite_col if params[:sort_key] == "title")}
    10: 	= link_to "Movie Title", movies_path(:sort_key=>"title") ,:id => 'title_header' 
    11:       %th Rating
  app/views/movies/index.html.haml:8


  Rendered /usr/local/lib/ruby/gems/1.9.1/gems/actionpack-3.2.14/lib/action_dispatch/middleware/templates/rescues/_trace.erb (1.1ms)
  Rendered /usr/local/lib/ruby/gems/1.9.1/gems/actionpack-3.2.14/lib/action_dispatch/middleware/templates/rescues/_request_and_response.erb (0.8ms)
  Rendered /usr/local/lib/ruby/gems/1.9.1/gems/actionpack-3.2.14/lib/action_dispatch/middleware/templates/rescues/template_error.erb within rescues/layout (24.5ms)


Started GET "/assets/rails.png" for 127.0.0.1 at 2013-10-17 06:24:16 -0700
Served asset /rails.png - 304 Not Modified (28ms)


Started GET "/movies" for 127.0.0.1 at 2013-10-17 06:24:27 -0700
Processing by MoviesController#index as HTML
  [1m[35mMovie Load (0.4ms)[0m  SELECT "movies".* FROM "movies" 
  Rendered movies/index.html.haml within layouts/application (11.9ms)
Completed 500 Internal Server Error in 31ms

ActionView::Template::Error (Inconsistent indentation: 1 tab used for indentation, but the rest of the document was indented using 2 spaces.):
    5:   %thead
    6:     %tr
    7:       %th{:id => 'title_header' , :class => (@hilite_col if params[:sort_key] == "title")}
    8: 	= link_to "Movie Title", movies_path(:sort_key=>"title")
    9:       %th{:class => (@hilite_col if params[:sort_key] == "title")}
    10: 	= link_to "Movie Title", movies_path(:sort_key=>"title") ,:id => 'title_header' 
    11:       %th Rating
  app/views/movies/index.html.haml:8


  Rendered /usr/local/lib/ruby/gems/1.9.1/gems/actionpack-3.2.14/lib/action_dispatch/middleware/templates/rescues/_trace.erb (1.1ms)
  Rendered /usr/local/lib/ruby/gems/1.9.1/gems/actionpack-3.2.14/lib/action_dispatch/middleware/templates/rescues/_request_and_response.erb (1.1ms)
  Rendered /usr/local/lib/ruby/gems/1.9.1/gems/actionpack-3.2.14/lib/action_dispatch/middleware/templates/rescues/template_error.erb within rescues/layout (28.7ms)


Started GET "/movies" for 127.0.0.1 at 2013-10-17 06:26:31 -0700
Connecting to database specified by database.yml
Processing by MoviesController#index as HTML
  [1m[36mMovie Load (0.3ms)[0m  [1mSELECT "movies".* FROM "movies" [0m
  Rendered movies/index.html.haml within layouts/application (32.2ms)
Completed 500 Internal Server Error in 116ms

ActionView::Template::Error (Inconsistent indentation: 1 tab used for indentation, but the rest of the document was indented using 2 spaces.):
    4: %table#movies
    5:   %thead
    6:     %tr
    7: 	%th{:id => 'title_header' , :class => (@hilite_col if params[:sort_key] == "title")}
    8: 	= link_to "Movie Title", movies_path(:sort_key=>"title")
    9:       %th{:class => (@hilite_col if params[:sort_key] == "title")}
    10: 	= link_to "Movie Title", movies_path(:sort_key=>"title") ,:id => 'title_header' 
  app/views/movies/index.html.haml:7


  Rendered /usr/local/lib/ruby/gems/1.9.1/gems/actionpack-3.2.14/lib/action_dispatch/middleware/templates/rescues/_trace.erb (1.1ms)
  Rendered /usr/local/lib/ruby/gems/1.9.1/gems/actionpack-3.2.14/lib/action_dispatch/middleware/templates/rescues/_request_and_response.erb (0.8ms)
  Rendered /usr/local/lib/ruby/gems/1.9.1/gems/actionpack-3.2.14/lib/action_dispatch/middleware/templates/rescues/template_error.erb within rescues/layout (28.6ms)


Started GET "/assets/rails.png" for 127.0.0.1 at 2013-10-17 06:26:37 -0700
Served asset /rails.png - 304 Not Modified (9ms)


Started GET "/movies" for 127.0.0.1 at 2013-10-17 06:26:41 -0700
Processing by MoviesController#index as HTML
  [1m[35mMovie Load (0.4ms)[0m  SELECT "movies".* FROM "movies" 
  Rendered movies/index.html.haml within layouts/application (0.8ms)
Completed 500 Internal Server Error in 7ms

ActionView::Template::Error (Inconsistent indentation: 1 tab used for indentation, but the rest of the document was indented using 2 spaces.):
    4: %table#movies
    5:   %thead
    6:     %tr
    7: 	%th{:id => 'title_header' , :class => (@hilite_col if params[:sort_key] == "title")}
    8: 	= link_to "Movie Title", movies_path(:sort_key=>"title")
    9:       %th{:class => (@hilite_col if params[:sort_key] == "title")}
    10: 	= link_to "Movie Title", movies_path(:sort_key=>"title") ,:id => 'title_header' 
  app/views/movies/index.html.haml:7


  Rendered /usr/local/lib/ruby/gems/1.9.1/gems/actionpack-3.2.14/lib/action_dispatch/middleware/templates/rescues/_trace.erb (1.2ms)
  Rendered /usr/local/lib/ruby/gems/1.9.1/gems/actionpack-3.2.14/lib/action_dispatch/middleware/templates/rescues/_request_and_response.erb (0.8ms)
  Rendered /usr/local/lib/ruby/gems/1.9.1/gems/actionpack-3.2.14/lib/action_dispatch/middleware/templates/rescues/template_error.erb within rescues/layout (16.5ms)


Started GET "/movies" for 127.0.0.1 at 2013-10-17 06:36:33 -0700
Connecting to database specified by database.yml
Processing by MoviesController#index as HTML
  [1m[36mMovie Load (0.3ms)[0m  [1mSELECT "movies".* FROM "movies" [0m
  Rendered movies/index.html.haml within layouts/application (26.9ms)
Compiled application.css  (0ms)  (pid 3029)
Compiled jquery.js  (5ms)  (pid 3029)
Compiled jquery_ujs.js  (0ms)  (pid 3029)
Compiled application.js  (110ms)  (pid 3029)
Completed 200 OK in 280ms (Views: 273.3ms | ActiveRecord: 0.3ms)


Started GET "/assets/application.css?body=1" for 127.0.0.1 at 2013-10-17 06:36:34 -0700
Served asset /application.css - 304 Not Modified (3ms)


Started GET "/assets/jquery_ujs.js?body=1" for 127.0.0.1 at 2013-10-17 06:36:34 -0700
Served asset /jquery_ujs.js - 304 Not Modified (10ms)


Started GET "/assets/jquery.js?body=1" for 127.0.0.1 at 2013-10-17 06:36:34 -0700
Served asset /jquery.js - 304 Not Modified (17ms)


Started GET "/assets/application.js?body=1" for 127.0.0.1 at 2013-10-17 06:36:34 -0700
Served asset /application.js - 304 Not Modified (35ms)


Started GET "/movies?sort_key=title" for 127.0.0.1 at 2013-10-17 06:36:36 -0700
Processing by MoviesController#index as HTML
  Parameters: {"sort_key"=>"title"}
  [1m[35mMovie Load (0.3ms)[0m  SELECT "movies".* FROM "movies" 
  Rendered movies/index.html.haml within layouts/application (3.2ms)
Completed 200 OK in 15ms (Views: 13.9ms | ActiveRecord: 0.3ms)


Started GET "/assets/application.css?body=1" for 127.0.0.1 at 2013-10-17 06:36:36 -0700
Served asset /application.css - 304 Not Modified (0ms)


Started GET "/assets/application.js?body=1" for 127.0.0.1 at 2013-10-17 06:36:36 -0700
Served asset /application.js - 304 Not Modified (4ms)


Started GET "/assets/jquery_ujs.js?body=1" for 127.0.0.1 at 2013-10-17 06:36:36 -0700
Served asset /jquery_ujs.js - 304 Not Modified (0ms)


Started GET "/assets/jquery.js?body=1" for 127.0.0.1 at 2013-10-17 06:36:36 -0700
Served asset /jquery.js - 304 Not Modified (2ms)


Started GET "/movies?sort_key=release_date" for 127.0.0.1 at 2013-10-17 06:36:46 -0700
Processing by MoviesController#index as HTML
  Parameters: {"sort_key"=>"release_date"}
  [1m[36mMovie Load (2.9ms)[0m  [1mSELECT "movies".* FROM "movies" [0m
  Rendered movies/index.html.haml within layouts/application (4.4ms)
Completed 200 OK in 13ms (Views: 8.5ms | ActiveRecord: 2.9ms)


Started GET "/assets/application.css?body=1" for 127.0.0.1 at 2013-10-17 06:36:46 -0700
Served asset /application.css - 304 Not Modified (0ms)


Started GET "/assets/jquery_ujs.js?body=1" for 127.0.0.1 at 2013-10-17 06:36:46 -0700
Served asset /jquery_ujs.js - 304 Not Modified (0ms)


Started GET "/assets/application.js?body=1" for 127.0.0.1 at 2013-10-17 06:36:46 -0700
Served asset /application.js - 304 Not Modified (4ms)


Started GET "/assets/jquery.js?body=1" for 127.0.0.1 at 2013-10-17 06:36:46 -0700
Served asset /jquery.js - 304 Not Modified (0ms)


Started GET "/movies?sort_key=release_date" for 127.0.0.1 at 2013-10-17 06:36:48 -0700
Processing by MoviesController#index as HTML
  Parameters: {"sort_key"=>"release_date"}
  [1m[35mMovie Load (0.3ms)[0m  SELECT "movies".* FROM "movies" 
  Rendered movies/index.html.haml within layouts/application (4.0ms)
Completed 200 OK in 17ms (Views: 16.0ms | ActiveRecord: 0.3ms)


Started GET "/assets/application.css?body=1" for 127.0.0.1 at 2013-10-17 06:36:48 -0700
Served asset /application.css - 304 Not Modified (0ms)


Started GET "/assets/application.js?body=1" for 127.0.0.1 at 2013-10-17 06:36:48 -0700
Served asset /application.js - 304 Not Modified (7ms)


Started GET "/assets/jquery.js?body=1" for 127.0.0.1 at 2013-10-17 06:36:48 -0700
Served asset /jquery.js - 304 Not Modified (0ms)


Started GET "/assets/jquery_ujs.js?body=1" for 127.0.0.1 at 2013-10-17 06:36:48 -0700
Served asset /jquery_ujs.js - 304 Not Modified (0ms)


Started GET "/movies?sort_key=title" for 127.0.0.1 at 2013-10-17 06:36:50 -0700
Processing by MoviesController#index as HTML
  Parameters: {"sort_key"=>"title"}
  [1m[36mMovie Load (0.3ms)[0m  [1mSELECT "movies".* FROM "movies" [0m
  Rendered movies/index.html.haml within layouts/application (6.4ms)
Completed 200 OK in 17ms (Views: 10.5ms | ActiveRecord: 0.3ms)


Started GET "/assets/application.css?body=1" for 127.0.0.1 at 2013-10-17 06:36:50 -0700
Served asset /application.css - 304 Not Modified (0ms)


Started GET "/assets/jquery.js?body=1" for 127.0.0.1 at 2013-10-17 06:36:51 -0700
Served asset /jquery.js - 304 Not Modified (3ms)


Started GET "/assets/jquery_ujs.js?body=1" for 127.0.0.1 at 2013-10-17 06:36:51 -0700
Served asset /jquery_ujs.js - 304 Not Modified (0ms)


Started GET "/assets/application.js?body=1" for 127.0.0.1 at 2013-10-17 06:36:51 -0700
Served asset /application.js - 304 Not Modified (2ms)


Started GET "/movies?sort_key=title" for 127.0.0.1 at 2013-10-17 06:36:55 -0700
Processing by MoviesController#index as HTML
  Parameters: {"sort_key"=>"title"}
  [1m[35mMovie Load (0.4ms)[0m  SELECT "movies".* FROM "movies" 
  Rendered movies/index.html.haml within layouts/application (35.3ms)
Completed 200 OK in 43ms (Views: 41.8ms | ActiveRecord: 0.4ms)


Started GET "/assets/application.css?body=1" for 127.0.0.1 at 2013-10-17 06:36:55 -0700
Served asset /application.css - 304 Not Modified (0ms)


Started GET "/assets/jquery_ujs.js?body=1" for 127.0.0.1 at 2013-10-17 06:36:55 -0700
Served asset /jquery_ujs.js - 304 Not Modified (0ms)


Started GET "/assets/application.js?body=1" for 127.0.0.1 at 2013-10-17 06:36:55 -0700
Served asset /application.js - 304 Not Modified (1ms)


Started GET "/assets/jquery.js?body=1" for 127.0.0.1 at 2013-10-17 06:36:55 -0700
Served asset /jquery.js - 304 Not Modified (0ms)


Started GET "/movies?sort_key=title" for 127.0.0.1 at 2013-10-17 06:36:59 -0700
Processing by MoviesController#index as HTML
  Parameters: {"sort_key"=>"title"}
  [1m[36mMovie Load (0.3ms)[0m  [1mSELECT "movies".* FROM "movies" [0m
  Rendered movies/index.html.haml within layouts/application (4.4ms)
Completed 200 OK in 10ms (Views: 8.8ms | ActiveRecord: 0.3ms)


Started GET "/assets/application.css?body=1" for 127.0.0.1 at 2013-10-17 06:36:59 -0700
Served asset /application.css - 304 Not Modified (23ms)


Started GET "/assets/jquery.js?body=1" for 127.0.0.1 at 2013-10-17 06:36:59 -0700
Served asset /jquery.js - 304 Not Modified (2ms)


Started GET "/assets/jquery_ujs.js?body=1" for 127.0.0.1 at 2013-10-17 06:36:59 -0700
Served asset /jquery_ujs.js - 304 Not Modified (0ms)


Started GET "/assets/application.js?body=1" for 127.0.0.1 at 2013-10-17 06:36:59 -0700
Served asset /application.js - 304 Not Modified (1ms)


Started GET "/movies?sort_key=title" for 127.0.0.1 at 2013-10-17 06:37:11 -0700
Processing by MoviesController#index as HTML
  Parameters: {"sort_key"=>"title"}
  [1m[35mMovie Load (0.3ms)[0m  SELECT "movies".* FROM "movies" 
  Rendered movies/index.html.haml within layouts/application (5.5ms)
Completed 200 OK in 11ms (Views: 9.5ms | ActiveRecord: 0.3ms)


Started GET "/assets/application.css?body=1" for 127.0.0.1 at 2013-10-17 06:37:11 -0700
Served asset /application.css - 304 Not Modified (0ms)


Started GET "/assets/application.js?body=1" for 127.0.0.1 at 2013-10-17 06:37:11 -0700
Served asset /application.js - 304 Not Modified (9ms)


Started GET "/assets/jquery.js?body=1" for 127.0.0.1 at 2013-10-17 06:37:11 -0700
Served asset /jquery.js - 304 Not Modified (5ms)


Started GET "/assets/jquery_ujs.js?body=1" for 127.0.0.1 at 2013-10-17 06:37:11 -0700
Served asset /jquery_ujs.js - 304 Not Modified (0ms)


Started GET "/movies?sort_key=release_date" for 127.0.0.1 at 2013-10-17 06:37:13 -0700
Processing by MoviesController#index as HTML
  Parameters: {"sort_key"=>"release_date"}
  [1m[36mMovie Load (0.3ms)[0m  [1mSELECT "movies".* FROM "movies" [0m
  Rendered movies/index.html.haml within layouts/application (10.7ms)
Completed 200 OK in 18ms (Views: 14.7ms | ActiveRecord: 0.3ms)


Started GET "/assets/application.css?body=1" for 127.0.0.1 at 2013-10-17 06:37:13 -0700
Served asset /application.css - 304 Not Modified (0ms)


Started GET "/assets/jquery.js?body=1" for 127.0.0.1 at 2013-10-17 06:37:13 -0700
Served asset /jquery.js - 304 Not Modified (3ms)


Started GET "/assets/jquery_ujs.js?body=1" for 127.0.0.1 at 2013-10-17 06:37:13 -0700
Served asset /jquery_ujs.js - 304 Not Modified (0ms)


Started GET "/assets/application.js?body=1" for 127.0.0.1 at 2013-10-17 06:37:13 -0700
Served asset /application.js - 304 Not Modified (1ms)


Started GET "/movies?sort_key=release_date" for 127.0.0.1 at 2013-10-17 06:37:15 -0700
Processing by MoviesController#index as HTML
  Parameters: {"sort_key"=>"release_date"}
  [1m[35mMovie Load (0.3ms)[0m  SELECT "movies".* FROM "movies" 
  Rendered movies/index.html.haml within layouts/application (3.1ms)
Completed 200 OK in 15ms (Views: 13.5ms | ActiveRecord: 0.3ms)


Started GET "/assets/application.css?body=1" for 127.0.0.1 at 2013-10-17 06:37:15 -0700
Served asset /application.css - 304 Not Modified (0ms)


Started GET "/assets/jquery_ujs.js?body=1" for 127.0.0.1 at 2013-10-17 06:37:15 -0700
Served asset /jquery_ujs.js - 304 Not Modified (2ms)


Started GET "/assets/jquery.js?body=1" for 127.0.0.1 at 2013-10-17 06:37:15 -0700
Served asset /jquery.js - 304 Not Modified (11ms)


Started GET "/assets/application.js?body=1" for 127.0.0.1 at 2013-10-17 06:37:15 -0700
Served asset /application.js - 304 Not Modified (6ms)


Started GET "/assets/rails.png" for 127.0.0.1 at 2013-10-17 06:37:21 -0700
Served asset /rails.png - 304 Not Modified (17ms)


Started GET "/movies" for 127.0.0.1 at 2013-10-17 06:37:24 -0700
Processing by MoviesController#index as HTML
  [1m[36mMovie Load (0.4ms)[0m  [1mSELECT "movies".* FROM "movies" [0m
  Rendered movies/index.html.haml within layouts/application (4.5ms)
Completed 200 OK in 10ms (Views: 8.6ms | ActiveRecord: 0.4ms)


Started GET "/assets/application.css?body=1" for 127.0.0.1 at 2013-10-17 06:37:24 -0700
Served asset /application.css - 304 Not Modified (0ms)


Started GET "/assets/application.js?body=1" for 127.0.0.1 at 2013-10-17 06:37:24 -0700
Served asset /application.js - 304 Not Modified (1ms)


Started GET "/assets/jquery.js?body=1" for 127.0.0.1 at 2013-10-17 06:37:24 -0700
Served asset /jquery.js - 304 Not Modified (0ms)


Started GET "/assets/jquery_ujs.js?body=1" for 127.0.0.1 at 2013-10-17 06:37:24 -0700
Served asset /jquery_ujs.js - 304 Not Modified (0ms)


Started GET "/movies?sort_key=release_date" for 127.0.0.1 at 2013-10-17 06:37:27 -0700
Processing by MoviesController#index as HTML
  Parameters: {"sort_key"=>"release_date"}
  [1m[35mMovie Load (0.4ms)[0m  SELECT "movies".* FROM "movies" 
  Rendered movies/index.html.haml within layouts/application (6.7ms)
Completed 200 OK in 18ms (Views: 16.2ms | ActiveRecord: 0.4ms)


Started GET "/assets/application.css?body=1" for 127.0.0.1 at 2013-10-17 06:37:27 -0700
Served asset /application.css - 304 Not Modified (0ms)


Started GET "/assets/application.js?body=1" for 127.0.0.1 at 2013-10-17 06:37:27 -0700
Served asset /application.js - 304 Not Modified (1ms)


Started GET "/assets/jquery_ujs.js?body=1" for 127.0.0.1 at 2013-10-17 06:37:27 -0700
Served asset /jquery_ujs.js - 304 Not Modified (6ms)


Started GET "/assets/jquery.js?body=1" for 127.0.0.1 at 2013-10-17 06:37:27 -0700
Served asset /jquery.js - 304 Not Modified (1ms)


Started GET "/movies?sort_key=title" for 127.0.0.1 at 2013-10-17 06:37:29 -0700
Processing by MoviesController#index as HTML
  Parameters: {"sort_key"=>"title"}
  [1m[36mMovie Load (6.6ms)[0m  [1mSELECT "movies".* FROM "movies" [0m
  Rendered movies/index.html.haml within layouts/application (4.4ms)
Completed 200 OK in 17ms (Views: 9.2ms | ActiveRecord: 6.6ms)


Started GET "/assets/application.css?body=1" for 127.0.0.1 at 2013-10-17 06:37:29 -0700
Served asset /application.css - 304 Not Modified (17ms)


Started GET "/assets/jquery_ujs.js?body=1" for 127.0.0.1 at 2013-10-17 06:37:29 -0700
Served asset /jquery_ujs.js - 304 Not Modified (0ms)


Started GET "/assets/jquery.js?body=1" for 127.0.0.1 at 2013-10-17 06:37:29 -0700
Served asset /jquery.js - 304 Not Modified (0ms)


Started GET "/assets/application.js?body=1" for 127.0.0.1 at 2013-10-17 06:37:29 -0700
Served asset /application.js - 304 Not Modified (1ms)


Started GET "/assets/rails.png" for 127.0.0.1 at 2013-10-17 06:43:02 -0700
Connecting to database specified by database.yml
Served asset /rails.png - 304 Not Modified (3ms)


Started GET "/movies" for 127.0.0.1 at 2013-10-17 06:43:54 -0700
Processing by MoviesController#index as HTML
  [1m[36mMovie Load (0.3ms)[0m  [1mSELECT "movies".* FROM "movies" [0m
  Rendered movies/index.html.haml within layouts/application (23.6ms)
Completed 200 OK in 169ms (Views: 161.2ms | ActiveRecord: 0.3ms)


Started GET "/assets/application.css?body=1" for 127.0.0.1 at 2013-10-17 06:43:55 -0700
Served asset /application.css - 304 Not Modified (1ms)


Started GET "/assets/jquery.js?body=1" for 127.0.0.1 at 2013-10-17 06:43:55 -0700
Served asset /jquery.js - 304 Not Modified (39ms)


Started GET "/assets/application.js?body=1" for 127.0.0.1 at 2013-10-17 06:43:55 -0700
Served asset /application.js - 304 Not Modified (18ms)


Started GET "/assets/jquery_ujs.js?body=1" for 127.0.0.1 at 2013-10-17 06:43:55 -0700
Served asset /jquery_ujs.js - 304 Not Modified (6ms)


Started GET "/movies?sort_key=release_date" for 127.0.0.1 at 2013-10-17 06:44:23 -0700
Processing by MoviesController#index as HTML
  Parameters: {"sort_key"=>"release_date"}
  [1m[35mMovie Load (0.3ms)[0m  SELECT "movies".* FROM "movies" 
  Rendered movies/index.html.haml within layouts/application (3.6ms)
Completed 200 OK in 13ms (Views: 11.3ms | ActiveRecord: 0.3ms)


Started GET "/assets/application.css?body=1" for 127.0.0.1 at 2013-10-17 06:44:24 -0700
Served asset /application.css - 304 Not Modified (0ms)


Started GET "/assets/jquery.js?body=1" for 127.0.0.1 at 2013-10-17 06:44:24 -0700
Served asset /jquery.js - 304 Not Modified (0ms)


Started GET "/assets/jquery_ujs.js?body=1" for 127.0.0.1 at 2013-10-17 06:44:24 -0700
Served asset /jquery_ujs.js - 304 Not Modified (0ms)


Started GET "/assets/application.js?body=1" for 127.0.0.1 at 2013-10-17 06:44:24 -0700
Served asset /application.js - 304 Not Modified (1ms)


Started GET "/movies?sort_key=release_date" for 127.0.0.1 at 2013-10-17 06:44:26 -0700
Processing by MoviesController#index as HTML
  Parameters: {"sort_key"=>"release_date"}
  [1m[36mMovie Load (0.4ms)[0m  [1mSELECT "movies".* FROM "movies" [0m
  Rendered movies/index.html.haml within layouts/application (4.8ms)
Completed 200 OK in 13ms (Views: 11.1ms | ActiveRecord: 0.4ms)


Started GET "/assets/application.css?body=1" for 127.0.0.1 at 2013-10-17 06:44:26 -0700
Served asset /application.css - 304 Not Modified (0ms)


Started GET "/assets/jquery_ujs.js?body=1" for 127.0.0.1 at 2013-10-17 06:44:26 -0700
Served asset /jquery_ujs.js - 304 Not Modified (0ms)


Started GET "/assets/jquery.js?body=1" for 127.0.0.1 at 2013-10-17 06:44:26 -0700
Served asset /jquery.js - 304 Not Modified (16ms)


Started GET "/assets/application.js?body=1" for 127.0.0.1 at 2013-10-17 06:44:27 -0700
Served asset /application.js - 304 Not Modified (8ms)


Started GET "/movies?sort_key=title" for 127.0.0.1 at 2013-10-17 06:44:34 -0700
Processing by MoviesController#index as HTML
  Parameters: {"sort_key"=>"title"}
  [1m[35mMovie Load (0.4ms)[0m  SELECT "movies".* FROM "movies" 
  Rendered movies/index.html.haml within layouts/application (5.1ms)
Completed 200 OK in 19ms (Views: 10.9ms | ActiveRecord: 0.4ms)


Started GET "/assets/application.css?body=1" for 127.0.0.1 at 2013-10-17 06:44:34 -0700
Served asset /application.css - 304 Not Modified (0ms)


Started GET "/assets/application.js?body=1" for 127.0.0.1 at 2013-10-17 06:44:34 -0700
Served asset /application.js - 304 Not Modified (1ms)


Started GET "/assets/jquery.js?body=1" for 127.0.0.1 at 2013-10-17 06:44:34 -0700
Served asset /jquery.js - 304 Not Modified (7ms)


Started GET "/assets/jquery_ujs.js?body=1" for 127.0.0.1 at 2013-10-17 06:44:34 -0700
Served asset /jquery_ujs.js - 304 Not Modified (0ms)


Started GET "/movies?sort_key=title" for 127.0.0.1 at 2013-10-17 06:44:39 -0700
Processing by MoviesController#index as HTML
  Parameters: {"sort_key"=>"title"}
  [1m[36mMovie Load (0.3ms)[0m  [1mSELECT "movies".* FROM "movies" [0m
  Rendered movies/index.html.haml within layouts/application (3.6ms)
Completed 200 OK in 21ms (Views: 19.5ms | ActiveRecord: 0.3ms)


Started GET "/assets/application.css?body=1" for 127.0.0.1 at 2013-10-17 06:44:39 -0700
Served asset /application.css - 304 Not Modified (0ms)


Started GET "/assets/jquery_ujs.js?body=1" for 127.0.0.1 at 2013-10-17 06:44:39 -0700
Served asset /jquery_ujs.js - 304 Not Modified (8ms)


Started GET "/assets/jquery.js?body=1" for 127.0.0.1 at 2013-10-17 06:44:39 -0700
Served asset /jquery.js - 304 Not Modified (0ms)


Started GET "/assets/application.js?body=1" for 127.0.0.1 at 2013-10-17 06:44:39 -0700
Served asset /application.js - 304 Not Modified (1ms)


Started GET "/movies?sort_key=release_date" for 127.0.0.1 at 2013-10-17 06:44:41 -0700
Processing by MoviesController#index as HTML
  Parameters: {"sort_key"=>"release_date"}
  [1m[35mMovie Load (0.3ms)[0m  SELECT "movies".* FROM "movies" 
  Rendered movies/index.html.haml within layouts/application (3.7ms)
Completed 200 OK in 73ms (Views: 63.8ms | ActiveRecord: 0.3ms)


Started GET "/assets/jquery.js?body=1" for 127.0.0.1 at 2013-10-17 06:44:41 -0700
Served asset /jquery.js - 304 Not Modified (9ms)


Started GET "/assets/jquery_ujs.js?body=1" for 127.0.0.1 at 2013-10-17 06:44:41 -0700
Served asset /jquery_ujs.js - 304 Not Modified (0ms)


Started GET "/assets/application.css?body=1" for 127.0.0.1 at 2013-10-17 06:44:41 -0700
Served asset /application.css - 304 Not Modified (0ms)


Started GET "/assets/application.js?body=1" for 127.0.0.1 at 2013-10-17 06:44:41 -0700
Served asset /application.js - 304 Not Modified (8ms)


Started GET "/movies?sort_key=release_date" for 127.0.0.1 at 2013-10-17 06:44:43 -0700
Processing by MoviesController#index as HTML
  Parameters: {"sort_key"=>"release_date"}
  [1m[36mMovie Load (0.2ms)[0m  [1mSELECT "movies".* FROM "movies" [0m
  Rendered movies/index.html.haml within layouts/application (10.8ms)
Completed 200 OK in 20ms (Views: 15.7ms | ActiveRecord: 0.2ms)


Started GET "/assets/application.css?body=1" for 127.0.0.1 at 2013-10-17 06:44:43 -0700
Served asset /application.css - 304 Not Modified (23ms)


Started GET "/assets/jquery.js?body=1" for 127.0.0.1 at 2013-10-17 06:44:43 -0700
Served asset /jquery.js - 304 Not Modified (0ms)


Started GET "/assets/jquery_ujs.js?body=1" for 127.0.0.1 at 2013-10-17 06:44:43 -0700
Served asset /jquery_ujs.js - 304 Not Modified (0ms)


Started GET "/assets/application.js?body=1" for 127.0.0.1 at 2013-10-17 06:44:43 -0700
Served asset /application.js - 304 Not Modified (1ms)


Started GET "/movies/1" for 127.0.0.1 at 2013-10-17 06:44:45 -0700
Processing by MoviesController#show as HTML
  Parameters: {"id"=>"1"}
  [1m[35mMovie Load (0.5ms)[0m  SELECT "movies".* FROM "movies" WHERE "movies"."id" = ? LIMIT 1  [["id", "1"]]
  Rendered movies/show.html.haml within layouts/application (3.7ms)
Completed 200 OK in 22ms (Views: 11.6ms | ActiveRecord: 0.5ms)


Started GET "/assets/application.css?body=1" for 127.0.0.1 at 2013-10-17 06:44:46 -0700
Served asset /application.css - 304 Not Modified (0ms)


Started GET "/assets/jquery_ujs.js?body=1" for 127.0.0.1 at 2013-10-17 06:44:46 -0700
Served asset /jquery_ujs.js - 304 Not Modified (0ms)


Started GET "/assets/jquery.js?body=1" for 127.0.0.1 at 2013-10-17 06:44:46 -0700
Served asset /jquery.js - 304 Not Modified (3ms)


Started GET "/assets/application.js?body=1" for 127.0.0.1 at 2013-10-17 06:44:46 -0700
Served asset /application.js - 304 Not Modified (1ms)


Started GET "/movies" for 127.0.0.1 at 2013-10-17 06:44:48 -0700
Processing by MoviesController#index as HTML
  [1m[36mMovie Load (0.4ms)[0m  [1mSELECT "movies".* FROM "movies" [0m
  Rendered movies/index.html.haml within layouts/application (10.0ms)
Completed 200 OK in 27ms (Views: 25.7ms | ActiveRecord: 0.4ms)


Started GET "/assets/application.css?body=1" for 127.0.0.1 at 2013-10-17 06:44:48 -0700
Served asset /application.css - 304 Not Modified (0ms)


Started GET "/assets/jquery.js?body=1" for 127.0.0.1 at 2013-10-17 06:44:48 -0700
Served asset /jquery.js - 304 Not Modified (0ms)


Started GET "/assets/jquery_ujs.js?body=1" for 127.0.0.1 at 2013-10-17 06:44:48 -0700
Served asset /jquery_ujs.js - 304 Not Modified (0ms)


Started GET "/assets/application.js?body=1" for 127.0.0.1 at 2013-10-17 06:44:48 -0700
Served asset /application.js - 304 Not Modified (4ms)


Started GET "/movies?sort_key=release_date" for 127.0.0.1 at 2013-10-17 06:44:50 -0700
Processing by MoviesController#index as HTML
  Parameters: {"sort_key"=>"release_date"}
  [1m[35mMovie Load (4.7ms)[0m  SELECT "movies".* FROM "movies" 
  Rendered movies/index.html.haml within layouts/application (4.3ms)
Completed 200 OK in 18ms (Views: 11.8ms | ActiveRecord: 4.7ms)


Started GET "/assets/application.css?body=1" for 127.0.0.1 at 2013-10-17 06:44:50 -0700
Served asset /application.css - 304 Not Modified (0ms)


Started GET "/assets/application.js?body=1" for 127.0.0.1 at 2013-10-17 06:44:50 -0700
Served asset /application.js - 304 Not Modified (1ms)


Started GET "/assets/jquery.js?body=1" for 127.0.0.1 at 2013-10-17 06:44:50 -0700
Served asset /jquery.js - 304 Not Modified (0ms)


Started GET "/assets/jquery_ujs.js?body=1" for 127.0.0.1 at 2013-10-17 06:44:50 -0700
Served asset /jquery_ujs.js - 304 Not Modified (0ms)


Started GET "/movies?sort_key=release_date" for 127.0.0.1 at 2013-10-17 06:44:52 -0700
Processing by MoviesController#index as HTML
  Parameters: {"sort_key"=>"release_date"}
  [1m[36mMovie Load (8.5ms)[0m  [1mSELECT "movies".* FROM "movies" [0m
  Rendered movies/index.html.haml within layouts/application (7.3ms)
Completed 200 OK in 23ms (Views: 13.5ms | ActiveRecord: 8.5ms)


Started GET "/assets/application.css?body=1" for 127.0.0.1 at 2013-10-17 06:44:52 -0700
Served asset /application.css - 304 Not Modified (0ms)


Started GET "/assets/jquery.js?body=1" for 127.0.0.1 at 2013-10-17 06:44:52 -0700
Served asset /jquery.js - 304 Not Modified (0ms)


Started GET "/assets/jquery_ujs.js?body=1" for 127.0.0.1 at 2013-10-17 06:44:52 -0700
Served asset /jquery_ujs.js - 304 Not Modified (0ms)


Started GET "/assets/application.js?body=1" for 127.0.0.1 at 2013-10-17 06:44:52 -0700
Served asset /application.js - 304 Not Modified (4ms)


Started GET "/movies?sort_key=release_date" for 127.0.0.1 at 2013-10-17 06:45:58 -0700
Processing by MoviesController#index as HTML
  Parameters: {"sort_key"=>"release_date"}
  [1m[35mMovie Load (8.7ms)[0m  SELECT "movies".* FROM "movies" 
  Rendered movies/index.html.haml within layouts/application (17.5ms)
Completed 200 OK in 43ms (Views: 32.3ms | ActiveRecord: 8.7ms)


Started GET "/assets/application.css?body=1" for 127.0.0.1 at 2013-10-17 06:45:58 -0700
Served asset /application.css - 304 Not Modified (0ms)


Started GET "/assets/application.js?body=1" for 127.0.0.1 at 2013-10-17 06:45:58 -0700
Served asset /application.js - 304 Not Modified (1ms)


Started GET "/assets/jquery_ujs.js?body=1" for 127.0.0.1 at 2013-10-17 06:45:58 -0700
Served asset /jquery_ujs.js - 304 Not Modified (0ms)


Started GET "/assets/jquery.js?body=1" for 127.0.0.1 at 2013-10-17 06:45:58 -0700
Served asset /jquery.js - 304 Not Modified (0ms)


Started GET "/movies?sort_key=title" for 127.0.0.1 at 2013-10-17 06:46:01 -0700
Processing by MoviesController#index as HTML
  Parameters: {"sort_key"=>"title"}
  [1m[36mMovie Load (0.3ms)[0m  [1mSELECT "movies".* FROM "movies" [0m
  Rendered movies/index.html.haml within layouts/application (4.0ms)
Completed 200 OK in 12ms (Views: 9.8ms | ActiveRecord: 0.3ms)


Started GET "/assets/application.css?body=1" for 127.0.0.1 at 2013-10-17 06:46:01 -0700
Served asset /application.css - 304 Not Modified (0ms)


Started GET "/assets/jquery.js?body=1" for 127.0.0.1 at 2013-10-17 06:46:01 -0700
Served asset /jquery.js - 304 Not Modified (1ms)


Started GET "/assets/application.js?body=1" for 127.0.0.1 at 2013-10-17 06:46:01 -0700
Served asset /application.js - 304 Not Modified (13ms)


Started GET "/assets/jquery_ujs.js?body=1" for 127.0.0.1 at 2013-10-17 06:46:01 -0700
Served asset /jquery_ujs.js - 304 Not Modified (0ms)


Started GET "/assets/rails.png" for 127.0.0.1 at 2013-10-17 06:48:44 -0700
Connecting to database specified by database.yml
Served asset /rails.png - 304 Not Modified (2ms)


Started GET "/movies" for 127.0.0.1 at 2013-10-17 06:48:46 -0700
Processing by MoviesController#index as HTML
  [1m[36mMovie Load (0.4ms)[0m  [1mSELECT "movies".* FROM "movies" [0m
  Rendered movies/index.html.haml within layouts/application (28.0ms)
Completed 200 OK in 157ms (Views: 152.3ms | ActiveRecord: 0.4ms)


Started GET "/assets/application.css?body=1" for 127.0.0.1 at 2013-10-17 06:48:46 -0700
Served asset /application.css - 304 Not Modified (1ms)


Started GET "/assets/jquery_ujs.js?body=1" for 127.0.0.1 at 2013-10-17 06:48:46 -0700
Served asset /jquery_ujs.js - 304 Not Modified (21ms)


Started GET "/assets/jquery.js?body=1" for 127.0.0.1 at 2013-10-17 06:48:46 -0700
Served asset /jquery.js - 304 Not Modified (6ms)


Started GET "/assets/application.js?body=1" for 127.0.0.1 at 2013-10-17 06:48:46 -0700
Served asset /application.js - 304 Not Modified (27ms)


Started GET "/movies?sort_key=title" for 127.0.0.1 at 2013-10-17 06:48:50 -0700
Processing by MoviesController#index as HTML
  Parameters: {"sort_key"=>"title"}
  [1m[35mMovie Load (0.4ms)[0m  SELECT "movies".* FROM "movies" 
  Rendered movies/index.html.haml within layouts/application (9.4ms)
Completed 200 OK in 16ms (Views: 14.7ms | ActiveRecord: 0.4ms)


Started GET "/assets/application.css?body=1" for 127.0.0.1 at 2013-10-17 06:48:50 -0700
Served asset /application.css - 304 Not Modified (4ms)


Started GET "/assets/jquery_ujs.js?body=1" for 127.0.0.1 at 2013-10-17 06:48:50 -0700
Served asset /jquery_ujs.js - 304 Not Modified (0ms)


Started GET "/assets/application.js?body=1" for 127.0.0.1 at 2013-10-17 06:48:50 -0700
Served asset /application.js - 304 Not Modified (7ms)


Started GET "/assets/jquery.js?body=1" for 127.0.0.1 at 2013-10-17 06:48:50 -0700
Served asset /jquery.js - 304 Not Modified (0ms)


Started GET "/movies?sort_key=title" for 127.0.0.1 at 2013-10-17 06:51:53 -0700
Connecting to database specified by database.yml
Processing by MoviesController#index as HTML
  Parameters: {"sort_key"=>"title"}
  [1m[36mMovie Load (0.6ms)[0m  [1mSELECT "movies".* FROM "movies" [0m
  Rendered movies/index.html.haml within layouts/application (24.6ms)
Completed 200 OK in 169ms (Views: 157.3ms | ActiveRecord: 0.6ms)


Started GET "/assets/application.css?body=1" for 127.0.0.1 at 2013-10-17 06:51:55 -0700
Served asset /application.css - 304 Not Modified (32ms)


Started GET "/assets/jquery_ujs.js?body=1" for 127.0.0.1 at 2013-10-17 06:51:55 -0700
Served asset /jquery_ujs.js - 304 Not Modified (1ms)


Started GET "/assets/jquery.js?body=1" for 127.0.0.1 at 2013-10-17 06:51:55 -0700
Served asset /jquery.js - 304 Not Modified (31ms)


Started GET "/assets/application.js?body=1" for 127.0.0.1 at 2013-10-17 06:51:55 -0700
Served asset /application.js - 304 Not Modified (34ms)
